<?xml version="1.0" encoding="UTF-8"?>
<testsuite xmlns:xsi="http://www.w3.org/2001/XMLSchema-instance" xsi:noNamespaceSchemaLocation="https://maven.apache.org/surefire/maven-surefire-plugin/xsd/surefire-test-report-3.0.xsd" version="3.0" name="com.schedule.client.service.CourseFilterTest" time="0.055" tests="4" errors="0" skipped="0" failures="0">
  <properties>
[...]
</properties>
  <testcase name="singleParam" classname="com.schedule.client.service.CourseFilterTest" time="0.023"/>
  <testcase name="emptyFilterProducesNoQueryString" classname="com.schedule.client.service.CourseFilterTest" time="0.002"/>
  <testcase name="multipleParams" classname="com.schedule.client.service.CourseFilterTest" time="0.002"/>
  <testcase name="spacesInFacultyNameAreEncoded" classname="com.schedule.client.service.CourseFilterTest" time="0.002"/>
</testsuite>